        -:    0:Source:/home/jorge/src/algo1/auxiliares.cpp
        -:    0:Graph:/home/jorge/src/algo1/cmake-build-debug/CMakeFiles/tpi.dir/auxiliares.gcno
        -:    0:Data:/home/jorge/src/algo1/cmake-build-debug/CMakeFiles/tpi.dir/auxiliares.gcda
        -:    0:Runs:1
        -:    1:#include <algorithm>
        -:    2:#include "auxiliares.h"
        -:    3:#include <iostream>
        -:    4:#include <algorithm>
        -:    5:#include <fstream>
        -:    6:#include <iomanip>
        -:    7:
        -:    8:using namespace std;
        -:    9:
        -:   10:const double pi = 3.14;
        -:   11:double radioTierra = 6378;
        -:   12:
function _Z14obtenerLatitudSt5tupleIJddEE called 63 returned 100% blocks executed 100%
       63:   13:double obtenerLatitud(gps posicion) {
       63:   14:    return get<0>(posicion);
       63:   14-block  0
call    0 returned 63
        -:   15:}
        -:   16:
function _Z15obtenerLongitudSt5tupleIJddEE called 63 returned 100% blocks executed 100%
       63:   17:double obtenerLongitud(gps posicion) {
       63:   18:    return get<1>(posicion);
       63:   18-block  0
call    0 returned 63
        -:   19:}
        -:   20:
function _Z15obtenerPosicionSt5tupleIJdS_IJddEEEE called 44 returned 100% blocks executed 100%
       44:   21:gps obtenerPosicion(tuple<tiempo, gps> medicion) {
       44:   22:    return get<1>(medicion);
       44:   22-block  0
call    0 returned 44
        -:   23:}
        -:   24:
function _Z13obtenerTiempoSt5tupleIJdS_IJddEEEE called 82 returned 100% blocks executed 100%
       82:   25:tiempo obtenerTiempo(tuple<tiempo, gps> medicion) {
       82:   26:    return get<0>(medicion);
       82:   26-block  0
call    0 returned 82
        -:   27:}
function _Z8distEnKMSt5tupleIJddEES0_ called 2 returned 100% blocks executed 100%
        2:   28:double distEnKM(gps posicion1, gps posicion2) {
        2:   29:    double latitud1 = obtenerLatitud(posicion1);
        2:   29-block  0
call    0 returned 2
        2:   30:    double latitud2 = obtenerLatitud(posicion2);
call    0 returned 2
        2:   31:    double longitud1 = obtenerLongitud(posicion1);
call    0 returned 2
        2:   32:    double longitud2 = obtenerLongitud(posicion2);
call    0 returned 2
        -:   33:
        -:   34:    // obtengo la distancia
        2:   35:    double distanciaLatitud = (latitud2 - latitud1) * pi / 180.0;
        2:   36:    double distanciaLongitud = (longitud2 - longitud1) * pi / 180.0;
        -:   37:
        -:   38:    // paso las latitudes a radianes
        2:   39:    latitud1 = (latitud1) * pi / 180.0;
        2:   40:    latitud2 = (latitud2) * pi / 180.0;
        -:   41:
        -:   42:    // aplico la formula
        2:   43:    double a = pow(sin(distanciaLatitud / 2), 2) +
call    0 returned 2
        2:   44:               pow(sin(distanciaLongitud / 2), 2) *
call    0 returned 2
        2:   45:               cos(latitud1) * cos(latitud2);
        -:   46:
        2:   47:    double c = 2 * asin(sqrt(a));
        2:   48:    return radioTierra * c;
        -:   49:}
        -:   50:
function _Z12desviarPuntoSt5tupleIJddEEdd called 39 returned 100% blocks executed 100%
       39:   51:gps desviarPunto(gps p, double desvioMtsLatitud, double desvioMtsLongitud){
       39:   52:    double lat = obtenerLatitud(p);
       39:   52-block  0
call    0 returned 39
       39:   53:    double lon = obtenerLongitud(p);
call    0 returned 39
        -:   54:
       39:   55:    double dx = desvioMtsLatitud / 1000;
       39:   56:    double dy = desvioMtsLongitud / 1000;
       39:   57:    double new_latitude = lat + (dx / radioTierra) * (180 / pi);
       39:   58:    double new_longitude = lon + (dy / radioTierra) * (180 / pi) / cos(lat * pi / 180);
       39:   59:    return puntoGps(new_latitude, new_longitude);
call    0 returned 39
        -:   60:
        -:   61:}
        -:   62:
        -:   63:
function _Z8puntoGpsdd called 89 returned 100% blocks executed 100%
       89:   64:gps puntoGps(double latitud, double longitud) {
       89:   65:    return make_tuple(latitud, longitud);
       89:   65-block  0
call    0 returned 89
        -:   66:}
        -:   67:
function _Z8mediciondSt5tupleIJddEE called 81 returned 100% blocks executed 100%
       81:   68:tuple<tiempo, gps> medicion(tiempo t, gps g) {
       81:   69:    return make_tuple(t, g);
       81:   69-block  0
call    0 returned 81
        -:   70:}
        -:   71:
function _Z22guardarGrillaEnArchivoSt6vectorISt5tupleIJS0_IJddEES1_S0_IJiiEEEESaIS3_EENSt7__cxx1112basic_stringIcSt11char_traitsIcESaIcEEE called 0 returned 0% blocks executed 0%
    #####:   72:void guardarGrillaEnArchivo(grilla g, string nombreArchivo){
    #####:   73:    ofstream myfile;
    %%%%%:   73-block  0
call    0 never executed
branch  1 never executed
branch  2 never executed
        -:   74:    float esq1_lat, esq2_lat, esq1_lng, esq2_lng;
        -:   75:    int name_0, name_1;
        -:   76:
    #####:   77:    myfile.open(nombreArchivo);
    %%%%%:   77-block  0
call    0 never executed
branch  1 never executed
branch  2 never executed
    #####:   78:    myfile << std::fixed << std::setprecision(5);
    %%%%%:   78-block  0
call    0 never executed
branch  1 never executed
branch  2 never executed
    %%%%%:   78-block  1
call    3 never executed
call    4 never executed
    #####:   79:    for(int i = 0; i < g.size(); i++){
    %%%%%:   79-block  0
    %%%%%:   79-block  1
call    0 never executed
branch  1 never executed
branch  2 never executed
    #####:   80:        esq1_lat = get<0>(get<0>(g[i]));
    %%%%%:   80-block  0
call    0 never executed
call    1 never executed
call    2 never executed
    #####:   81:        esq1_lng = get<1>(get<0>(g[i]));
call    0 never executed
call    1 never executed
call    2 never executed
        -:   82:
    #####:   83:        esq2_lat = get<0>(get<1>(g[i]));
call    0 never executed
call    1 never executed
call    2 never executed
    #####:   84:        esq2_lng = get<1>(get<1>(g[i]));
call    0 never executed
call    1 never executed
call    2 never executed
        -:   85:
    #####:   86:        name_0 = get<0>(get<2>(g[i]));
call    0 never executed
call    1 never executed
call    2 never executed
    #####:   87:        name_1 = get<1>(get<2>(g[i]));
call    0 never executed
call    1 never executed
call    2 never executed
        -:   88:
    #####:   89:        myfile << esq1_lat << "\t"
call    0 never executed
branch  1 never executed
branch  2 never executed
    %%%%%:   89-block  0
call    3 never executed
branch  4 never executed
branch  5 never executed
    #####:   90:               << esq1_lng << "\t"
    %%%%%:   90-block  0
call    0 never executed
branch  1 never executed
branch  2 never executed
    %%%%%:   90-block  1
call    3 never executed
branch  4 never executed
branch  5 never executed
    #####:   91:               << esq2_lat << "\t"
    %%%%%:   91-block  0
call    0 never executed
branch  1 never executed
branch  2 never executed
    %%%%%:   91-block  1
call    3 never executed
branch  4 never executed
branch  5 never executed
    #####:   92:               << esq2_lng << "\t"
    %%%%%:   92-block  0
call    0 never executed
branch  1 never executed
branch  2 never executed
    #####:   93:               << "(" << name_0 << "," << name_1 << ")"
    %%%%%:   93-block  0
call    0 never executed
branch  1 never executed
branch  2 never executed
    %%%%%:   93-block  1
call    3 never executed
branch  4 never executed
branch  5 never executed
    %%%%%:   93-block  2
call    6 never executed
branch  7 never executed
branch  8 never executed
    %%%%%:   93-block  3
call    9 never executed
branch 10 never executed
branch 11 never executed
    %%%%%:   93-block  4
call   12 never executed
branch 13 never executed
branch 14 never executed
    %%%%%:   93-block  5
call   15 never executed
branch 16 never executed
branch 17 never executed
    #####:   94:               << endl;
    %%%%%:   94-block  0
call    0 never executed
branch  1 never executed
branch  2 never executed
        -:   95:
        -:   96:    }
    #####:   97:    myfile.close();
    %%%%%:   97-block  0
call    0 never executed
branch  1 never executed
branch  2 never executed
        -:   98:
    #####:   99:}
    %%%%%:   99-block  0
call    0 never executed
    $$$$$:   99-block  1
call    1 never executed
        -:  100:
function _Z26guardarRecorridosEnArchivoSt6vectorIS_ISt5tupleIJddEESaIS1_EESaIS3_EENSt7__cxx1112basic_stringIcSt11char_traitsIcESaIcEEE called 0 returned 0% blocks executed 0%
    #####:  101:void guardarRecorridosEnArchivo(vector<recorrido> recorridos, string nombreArchivo){
    #####:  102:    ofstream myfile;
    %%%%%:  102-block  0
call    0 never executed
branch  1 never executed
branch  2 never executed
        -:  103:    float lat, lng;
        -:  104:
    #####:  105:    myfile.open(nombreArchivo);
    %%%%%:  105-block  0
call    0 never executed
branch  1 never executed
branch  2 never executed
    #####:  106:    myfile << std::fixed << std::setprecision(5);
    %%%%%:  106-block  0
call    0 never executed
branch  1 never executed
branch  2 never executed
    %%%%%:  106-block  1
call    3 never executed
call    4 never executed
    #####:  107:    for(int i = 0; i < recorridos.size(); i++){
    %%%%%:  107-block  0
    %%%%%:  107-block  1
call    0 never executed
branch  1 never executed
branch  2 never executed
    #####:  108:        for(int k = 0; k < recorridos[i].size(); k++){
    %%%%%:  108-block  0
    %%%%%:  108-block  1
    %%%%%:  108-block  2
call    0 never executed
call    1 never executed
branch  2 never executed
branch  3 never executed
    #####:  109:            lat= get<0>(recorridos[i][k]);
    %%%%%:  109-block  0
call    0 never executed
call    1 never executed
call    2 never executed
    #####:  110:            lng= get<1>(recorridos[i][k]);
call    0 never executed
call    1 never executed
call    2 never executed
        -:  111:
    #####:  112:            myfile << i << "\t"
call    0 never executed
branch  1 never executed
branch  2 never executed
    %%%%%:  112-block  0
call    3 never executed
branch  4 never executed
branch  5 never executed
    #####:  113:                   << lat << "\t"
    %%%%%:  113-block  0
call    0 never executed
branch  1 never executed
branch  2 never executed
    %%%%%:  113-block  1
call    3 never executed
branch  4 never executed
branch  5 never executed
    #####:  114:                   << lng << endl;
    %%%%%:  114-block  0
call    0 never executed
branch  1 never executed
branch  2 never executed
    %%%%%:  114-block  1
call    3 never executed
branch  4 never executed
branch  5 never executed
        -:  115:        }
        -:  116:    }
    #####:  117:    myfile.close();
    %%%%%:  117-block  0
call    0 never executed
branch  1 never executed
branch  2 never executed
        -:  118:
    #####:  119:}
    %%%%%:  119-block  0
call    0 never executed
    $$$$$:  119-block  1
call    1 never executed
        -:  120:
