        -:    0:Source:/home/jorge/src/algo1/testEnunciado/excesoDeVelocidadTEST.cpp
        -:    0:Graph:/home/jorge/src/algo1/cmake-build-debug/CMakeFiles/tpi.dir/testEnunciado/excesoDeVelocidadTEST.gcno
        -:    0:Data:/home/jorge/src/algo1/cmake-build-debug/CMakeFiles/tpi.dir/testEnunciado/excesoDeVelocidadTEST.gcda
        -:    0:Runs:1
        -:    1:#include "../ejercicios.h"
        -:    2:#include "../auxiliares.h"
        -:    3:#include "gtest/gtest.h"
        -:    4:
        -:    5:using namespace std;
        -:    6:
        -:    7:const gps P = puntoGps(-33, -34);
        -:    8:const double unaHora = 3600;
        -:    9:
        4:   10:TEST(excesoDeVelocidadTEST, noSuperaLaVelocidad){
        -:   11:    viaje v = {medicion(0.0, P),
        1:   12:               medicion(unaHora, desviarPunto(P, 1000, 0)),
        2:   13:               medicion(unaHora*2, desviarPunto(P, 2000, 0))}; // 1 KM por hora.
        -:   14:
       1*:   15:    EXPECT_FALSE(excesoDeVelocidad(v));
        1:   16:}
------------------
_ZN46excesoDeVelocidadTEST_noSuperaLaVelocidad_TestC2Ev:
function _ZN46excesoDeVelocidadTEST_noSuperaLaVelocidad_TestC2Ev called 1 returned 100% blocks executed 100%
        1:   10:TEST(excesoDeVelocidadTEST, noSuperaLaVelocidad){
        1:   10-block  0
call    0 returned 1
------------------
_ZN46excesoDeVelocidadTEST_noSuperaLaVelocidad_TestD0Ev:
function _ZN46excesoDeVelocidadTEST_noSuperaLaVelocidad_TestD0Ev called 1 returned 100% blocks executed 100%
        1:   10:TEST(excesoDeVelocidadTEST, noSuperaLaVelocidad){
        1:   10-block  0
call    0 returned 1
call    1 returned 1
------------------
_ZN46excesoDeVelocidadTEST_noSuperaLaVelocidad_TestD2Ev:
function _ZN46excesoDeVelocidadTEST_noSuperaLaVelocidad_TestD2Ev called 1 returned 100% blocks executed 100%
        1:   10:TEST(excesoDeVelocidadTEST, noSuperaLaVelocidad){
        1:   10-block  0
call    0 returned 1
------------------
_ZN46excesoDeVelocidadTEST_noSuperaLaVelocidad_Test8TestBodyEv:
function _ZN46excesoDeVelocidadTEST_noSuperaLaVelocidad_Test8TestBodyEv called 1 returned 100% blocks executed 35%
        1:   10:TEST(excesoDeVelocidadTEST, noSuperaLaVelocidad){
        -:   11:    viaje v = {medicion(0.0, P),
        1:   12:               medicion(unaHora, desviarPunto(P, 1000, 0)),
        1:   12-block  0
call    0 returned 1
branch  1 taken 1 (fallthrough)
branch  2 taken 0 (throw)
    $$$$$:   12-block  1
        2:   13:               medicion(unaHora*2, desviarPunto(P, 2000, 0))}; // 1 KM por hora.
        1:   13-block  0
call    0 returned 1
branch  1 taken 1 (fallthrough)
branch  2 taken 0 (throw)
        1:   13-block  1
call    3 returned 1
branch  4 taken 1 (fallthrough)
branch  5 taken 0 (throw)
        1:   13-block  2
call    6 returned 1
branch  7 taken 1 (fallthrough)
branch  8 taken 0 (throw)
        1:   13-block  3
call    9 returned 1
branch 10 taken 1 (fallthrough)
branch 11 taken 0 (throw)
        1:   13-block  4
call   12 returned 1
call   13 returned 1
branch 14 taken 1 (fallthrough)
branch 15 taken 0 (throw)
        1:   13-block  5
call   16 returned 1
    $$$$$:   13-block  6
call   17 never executed
    $$$$$:   13-block  7
    $$$$$:   13-block  8
    $$$$$:   13-block  9
        -:   14:
       1*:   15:    EXPECT_FALSE(excesoDeVelocidad(v));
call    0 returned 1
branch  1 taken 1 (fallthrough)
branch  2 taken 0 (throw)
        1:   15-block  0
call    3 returned 1
branch  4 taken 1 (fallthrough)
branch  5 taken 0 (throw)
        1:   15-block  1
call    6 returned 1
call    7 returned 1
call    8 returned 1
branch  9 taken 0 (fallthrough)
branch 10 taken 1
    %%%%%:   15-block  2
call   11 never executed
branch 12 never executed
branch 13 never executed
    %%%%%:   15-block  3
call   14 never executed
branch 15 never executed
branch 16 never executed
    %%%%%:   15-block  4
call   17 never executed
call   18 never executed
branch 19 never executed
branch 20 never executed
    %%%%%:   15-block  5
call   21 never executed
branch 22 never executed
branch 23 never executed
    %%%%%:   15-block  6
call   24 never executed
call   25 never executed
call   26 never executed
        1:   15-block  7
call   27 returned 1
    $$$$$:   15-block  8
call   28 never executed
    $$$$$:   15-block  9
    $$$$$:   15-block 10
    $$$$$:   15-block 11
call   29 never executed
    $$$$$:   15-block 12
call   30 never executed
    $$$$$:   15-block 13
    $$$$$:   15-block 14
    $$$$$:   15-block 15
call   31 never executed
    $$$$$:   15-block 16
    $$$$$:   15-block 17
call   32 never executed
        1:   16:}
call    0 returned 1
    $$$$$:   16-block  0
call    1 never executed
------------------
        -:   17:
        4:   18:TEST(excesoDeVelocidadTEST, superaLaVelocidad){
        -:   19:    viaje v = {medicion(0.0, P),
        1:   20:               medicion(unaHora, desviarPunto(P, 100000, 0)),
        2:   21:               medicion(unaHora*2, desviarPunto(P, 200000, 0))}; // 100 KM por hora.
        -:   22:
        1:   23:    EXPECT_TRUE(excesoDeVelocidad(v));
        1:   24:}
------------------
_ZN44excesoDeVelocidadTEST_superaLaVelocidad_TestC2Ev:
function _ZN44excesoDeVelocidadTEST_superaLaVelocidad_TestC2Ev called 1 returned 100% blocks executed 100%
        1:   18:TEST(excesoDeVelocidadTEST, superaLaVelocidad){
        1:   18-block  0
call    0 returned 1
------------------
_ZN44excesoDeVelocidadTEST_superaLaVelocidad_TestD0Ev:
function _ZN44excesoDeVelocidadTEST_superaLaVelocidad_TestD0Ev called 1 returned 100% blocks executed 100%
        1:   18:TEST(excesoDeVelocidadTEST, superaLaVelocidad){
        1:   18-block  0
call    0 returned 1
call    1 returned 1
------------------
_ZN44excesoDeVelocidadTEST_superaLaVelocidad_TestD2Ev:
function _ZN44excesoDeVelocidadTEST_superaLaVelocidad_TestD2Ev called 1 returned 100% blocks executed 100%
        1:   18:TEST(excesoDeVelocidadTEST, superaLaVelocidad){
        1:   18-block  0
call    0 returned 1
------------------
_ZN44excesoDeVelocidadTEST_superaLaVelocidad_Test8TestBodyEv:
function _ZN44excesoDeVelocidadTEST_superaLaVelocidad_Test8TestBodyEv called 1 returned 100% blocks executed 53%
        1:   18:TEST(excesoDeVelocidadTEST, superaLaVelocidad){
        -:   19:    viaje v = {medicion(0.0, P),
        1:   20:               medicion(unaHora, desviarPunto(P, 100000, 0)),
        1:   20-block  0
call    0 returned 1
branch  1 taken 1 (fallthrough)
branch  2 taken 0 (throw)
    $$$$$:   20-block  1
        2:   21:               medicion(unaHora*2, desviarPunto(P, 200000, 0))}; // 100 KM por hora.
        1:   21-block  0
call    0 returned 1
branch  1 taken 1 (fallthrough)
branch  2 taken 0 (throw)
        1:   21-block  1
call    3 returned 1
branch  4 taken 1 (fallthrough)
branch  5 taken 0 (throw)
        1:   21-block  2
call    6 returned 1
branch  7 taken 1 (fallthrough)
branch  8 taken 0 (throw)
        1:   21-block  3
call    9 returned 1
branch 10 taken 1 (fallthrough)
branch 11 taken 0 (throw)
        1:   21-block  4
call   12 returned 1
call   13 returned 1
branch 14 taken 1 (fallthrough)
branch 15 taken 0 (throw)
        1:   21-block  5
call   16 returned 1
    $$$$$:   21-block  6
call   17 never executed
    $$$$$:   21-block  7
    $$$$$:   21-block  8
    $$$$$:   21-block  9
        -:   22:
        1:   23:    EXPECT_TRUE(excesoDeVelocidad(v));
call    0 returned 1
branch  1 taken 1 (fallthrough)
branch  2 taken 0 (throw)
        1:   23-block  0
call    3 returned 1
branch  4 taken 1 (fallthrough)
branch  5 taken 0 (throw)
        1:   23-block  1
call    6 returned 1
call    7 returned 1
call    8 returned 1
branch  9 taken 1 (fallthrough)
branch 10 taken 0
        1:   23-block  2
call   11 returned 1
branch 12 taken 1 (fallthrough)
branch 13 taken 0 (throw)
        1:   23-block  3
call   14 returned 1
branch 15 taken 1 (fallthrough)
branch 16 taken 0 (throw)
        1:   23-block  4
call   17 returned 1
call   18 returned 1
branch 19 taken 1 (fallthrough)
branch 20 taken 0 (throw)
        1:   23-block  5
call   21 returned 1
branch 22 taken 1 (fallthrough)
branch 23 taken 0 (throw)
        1:   23-block  6
call   24 returned 1
call   25 returned 1
call   26 returned 1
        1:   23-block  7
call   27 returned 1
    $$$$$:   23-block  8
call   28 never executed
    $$$$$:   23-block  9
    $$$$$:   23-block 10
    $$$$$:   23-block 11
call   29 never executed
    $$$$$:   23-block 12
call   30 never executed
    $$$$$:   23-block 13
    $$$$$:   23-block 14
    $$$$$:   23-block 15
call   31 never executed
    $$$$$:   23-block 16
    $$$$$:   23-block 17
call   32 never executed
        1:   24:}
call    0 returned 1
    $$$$$:   24-block  0
call    1 never executed
------------------
