        -:    0:Source:/home/jorge/src/algo1/testEnunciado/flotaTEST.cpp
        -:    0:Graph:/home/jorge/src/algo1/cmake-build-debug/CMakeFiles/tpi.dir/testEnunciado/flotaTEST.gcno
        -:    0:Data:/home/jorge/src/algo1/cmake-build-debug/CMakeFiles/tpi.dir/testEnunciado/flotaTEST.gcda
        -:    0:Runs:1
        -:    1:#include "../ejercicios.h"
        -:    2:#include "../auxiliares.h"
        -:    3:#include "gtest/gtest.h"
        -:    4:
        -:    5:using namespace std;
        -:    6:
        -:    7:vector<viaje> f = {{
        -:    8:                   medicion(1.5,puntoGps(2.5, 2.89996)),
        -:    9:                   medicion(1.7,puntoGps(2.5, 2.89997)),
        -:   10:                   medicion(1.9,puntoGps(2.5, 2.89998))},
        -:   11:                   {
        -:   12:                    medicion(2.5,puntoGps(2.5, 2.89996)),
        -:   13:                    medicion(2.6,puntoGps(2.5, 2.89997)),
        -:   14:                    medicion(2.7,puntoGps(2.5, 2.89998))},
        -:   15:                   {
        -:   16:                    medicion(0.5,puntoGps(2.5, 2.89996)),
        -:   17:                    medicion(0.6,puntoGps(2.5, 2.89997)),
        -:   18:                    medicion(0.7,puntoGps(2.5, 2.89998))},
        -:   19:                   };
        -:   20:
        4:   21:TEST(flotaTotalTEST, todosAntesDeFranja){
       1*:   22:    EXPECT_EQ(flota(f,3.0,5.0),0);
        1:   23:}
------------------
_ZN38flotaTotalTEST_todosAntesDeFranja_TestC2Ev:
function _ZN38flotaTotalTEST_todosAntesDeFranja_TestC2Ev called 1 returned 100% blocks executed 100%
        1:   21:TEST(flotaTotalTEST, todosAntesDeFranja){
        1:   21-block  0
call    0 returned 1
------------------
_ZN38flotaTotalTEST_todosAntesDeFranja_TestD0Ev:
function _ZN38flotaTotalTEST_todosAntesDeFranja_TestD0Ev called 1 returned 100% blocks executed 100%
        1:   21:TEST(flotaTotalTEST, todosAntesDeFranja){
        1:   21-block  0
call    0 returned 1
call    1 returned 1
------------------
_ZN38flotaTotalTEST_todosAntesDeFranja_TestD2Ev:
function _ZN38flotaTotalTEST_todosAntesDeFranja_TestD2Ev called 1 returned 100% blocks executed 100%
        1:   21:TEST(flotaTotalTEST, todosAntesDeFranja){
        1:   21-block  0
call    0 returned 1
------------------
_ZN38flotaTotalTEST_todosAntesDeFranja_Test8TestBodyEv:
function _ZN38flotaTotalTEST_todosAntesDeFranja_Test8TestBodyEv called 1 returned 100% blocks executed 31%
        1:   21:TEST(flotaTotalTEST, todosAntesDeFranja){
       1*:   22:    EXPECT_EQ(flota(f,3.0,5.0),0);
        1:   22-block  0
call    0 returned 1
branch  1 taken 1 (fallthrough)
branch  2 taken 0 (throw)
        1:   22-block  1
call    3 returned 1
branch  4 taken 1 (fallthrough)
branch  5 taken 0 (throw)
        1:   22-block  2
call    6 returned 1
branch  7 taken 1 (fallthrough)
branch  8 taken 0 (throw)
        1:   22-block  3
call    9 returned 1
call   10 returned 1
branch 11 taken 0 (fallthrough)
branch 12 taken 1
    %%%%%:   22-block  4
call   13 never executed
branch 14 never executed
branch 15 never executed
    %%%%%:   22-block  5
call   16 never executed
call   17 never executed
branch 18 never executed
branch 19 never executed
    %%%%%:   22-block  6
call   20 never executed
branch 21 never executed
branch 22 never executed
    %%%%%:   22-block  7
call   23 never executed
call   24 never executed
        1:   22-block  8
call   25 returned 1
    $$$$$:   22-block  9
call   26 never executed
    $$$$$:   22-block 10
    $$$$$:   22-block 11
    $$$$$:   22-block 12
    $$$$$:   22-block 13
call   27 never executed
    $$$$$:   22-block 14
    $$$$$:   22-block 15
call   28 never executed
    $$$$$:   22-block 16
    $$$$$:   22-block 17
call   29 never executed
        1:   23:}
------------------
        -:   24:
        4:   25:TEST(flotaTotalTEST, AlgunosAdentro){
        1:   26:    EXPECT_EQ(flota(f, 1.8,2.55),2);
        1:   27:}
------------------
_ZN34flotaTotalTEST_AlgunosAdentro_TestC2Ev:
function _ZN34flotaTotalTEST_AlgunosAdentro_TestC2Ev called 1 returned 100% blocks executed 100%
        1:   25:TEST(flotaTotalTEST, AlgunosAdentro){
        1:   25-block  0
call    0 returned 1
------------------
_ZN34flotaTotalTEST_AlgunosAdentro_TestD0Ev:
function _ZN34flotaTotalTEST_AlgunosAdentro_TestD0Ev called 1 returned 100% blocks executed 100%
        1:   25:TEST(flotaTotalTEST, AlgunosAdentro){
        1:   25-block  0
call    0 returned 1
call    1 returned 1
------------------
_ZN34flotaTotalTEST_AlgunosAdentro_TestD2Ev:
function _ZN34flotaTotalTEST_AlgunosAdentro_TestD2Ev called 1 returned 100% blocks executed 100%
        1:   25:TEST(flotaTotalTEST, AlgunosAdentro){
        1:   25-block  0
call    0 returned 1
------------------
_ZN34flotaTotalTEST_AlgunosAdentro_Test8TestBodyEv:
function _ZN34flotaTotalTEST_AlgunosAdentro_Test8TestBodyEv called 1 returned 100% blocks executed 55%
        1:   25:TEST(flotaTotalTEST, AlgunosAdentro){
        1:   26:    EXPECT_EQ(flota(f, 1.8,2.55),2);
        1:   26-block  0
call    0 returned 1
branch  1 taken 1 (fallthrough)
branch  2 taken 0 (throw)
        1:   26-block  1
call    3 returned 1
branch  4 taken 1 (fallthrough)
branch  5 taken 0 (throw)
        1:   26-block  2
call    6 returned 1
branch  7 taken 1 (fallthrough)
branch  8 taken 0 (throw)
        1:   26-block  3
call    9 returned 1
call   10 returned 1
branch 11 taken 1 (fallthrough)
branch 12 taken 0
        1:   26-block  4
call   13 returned 1
branch 14 taken 1 (fallthrough)
branch 15 taken 0 (throw)
        1:   26-block  5
call   16 returned 1
call   17 returned 1
branch 18 taken 1 (fallthrough)
branch 19 taken 0 (throw)
        1:   26-block  6
call   20 returned 1
branch 21 taken 1 (fallthrough)
branch 22 taken 0 (throw)
        1:   26-block  7
call   23 returned 1
call   24 returned 1
        1:   26-block  8
call   25 returned 1
    $$$$$:   26-block  9
call   26 never executed
    $$$$$:   26-block 10
    $$$$$:   26-block 11
    $$$$$:   26-block 12
    $$$$$:   26-block 13
call   27 never executed
    $$$$$:   26-block 14
    $$$$$:   26-block 15
call   28 never executed
    $$$$$:   26-block 16
    $$$$$:   26-block 17
call   29 never executed
        1:   27:}
------------------
        -:   28:
